app/build/intermediates/manifest_merge_blame_file/debug/manifest-merger-blame-debug-report.txt
1<?xml version="1.0" encoding="utf-8"?>
2<manifest xmlns:android="http://schemas.android.com/apk/res/android"
3    package="com.example.booking"
4    android:versionCode="1"
5    android:versionName="1.0" >
6
7    <uses-sdk
8        android:minSdkVersion="26"
8-->src/main/AndroidManifest.xml
9        android:targetSdkVersion="33" />
9-->src/main/AndroidManifest.xml
10
11    <permission
11-->[androidx.core:core:1.9.0] AndroidManifest.xml:22:5-24:47
12        android:name="com.example.booking.DYNAMIC_RECEIVER_NOT_EXPORTED_PERMISSION"
12-->[androidx.core:core:1.9.0] AndroidManifest.xml:23:9-81
13        android:protectionLevel="signature" />
13-->[androidx.core:core:1.9.0] AndroidManifest.xml:24:9-44
14
15    <uses-permission android:name="com.example.booking.DYNAMIC_RECEIVER_NOT_EXPORTED_PERMISSION" />
15-->[androidx.core:core:1.9.0] AndroidManifest.xml:26:5-97
15-->[androidx.core:core:1.9.0] AndroidManifest.xml:26:22-94
16
17    <application
17-->src/main/AndroidManifest.xml:5:5-46:19
18        android:allowBackup="true"
18-->src/main/AndroidManifest.xml:6:9-35
19        android:appComponentFactory="androidx.core.app.CoreComponentFactory"
19-->[androidx.core:core:1.9.0] AndroidManifest.xml:28:18-86
20        android:dataExtractionRules="@xml/data_extraction_rules"
20-->src/main/AndroidManifest.xml:7:9-65
21        android:debuggable="true"
22        android:extractNativeLibs="false"
23        android:fullBackupContent="@xml/backup_rules"
23-->src/main/AndroidManifest.xml:8:9-54
24        android:icon="@mipmap/ic_launcher"
24-->src/main/AndroidManifest.xml:9:9-43
25        android:label="@string/app_name"
25-->src/main/AndroidManifest.xml:10:9-41
26        android:roundIcon="@mipmap/ic_launcher_round"
26-->src/main/AndroidManifest.xml:11:9-54
27        android:supportsRtl="true"
27-->src/main/AndroidManifest.xml:12:9-35
28        android:testOnly="true"
29        android:theme="@style/Theme.Booking" >
29-->src/main/AndroidManifest.xml:13:9-45
30        <activity
30-->src/main/AndroidManifest.xml:15:9-23:20
31            android:name="com.example.booking.ui.Login.LoginScreenActivity"
31-->src/main/AndroidManifest.xml:16:13-57
32            android:exported="true"
32-->src/main/AndroidManifest.xml:18:13-36
33            android:label="" >
33-->src/main/AndroidManifest.xml:17:13-29
34            <meta-data
34-->src/main/AndroidManifest.xml:20:13-22:36
35                android:name="android.app.lib_name"
35-->src/main/AndroidManifest.xml:21:17-52
36                android:value="" />
36-->src/main/AndroidManifest.xml:22:17-33
37        </activity>
38        <activity
38-->src/main/AndroidManifest.xml:24:9-36:20
39            android:name="com.example.booking.ui.SplashScreen.SplashScreen"
39-->src/main/AndroidManifest.xml:25:13-57
40            android:exported="true" >
40-->src/main/AndroidManifest.xml:26:13-36
41            <intent-filter>
41-->src/main/AndroidManifest.xml:27:13-31:29
42                <action android:name="android.intent.action.MAIN" />
42-->src/main/AndroidManifest.xml:28:17-69
42-->src/main/AndroidManifest.xml:28:25-66
43
44                <category android:name="android.intent.category.LAUNCHER" />
44-->src/main/AndroidManifest.xml:30:17-77
44-->src/main/AndroidManifest.xml:30:27-74
45            </intent-filter>
46
47            <meta-data
47-->src/main/AndroidManifest.xml:20:13-22:36
48                android:name="android.app.lib_name"
48-->src/main/AndroidManifest.xml:21:17-52
49                android:value="" />
49-->src/main/AndroidManifest.xml:22:17-33
50        </activity>
51        <activity
51-->src/main/AndroidManifest.xml:37:9-45:20
52            android:name="com.example.booking.MainActivity"
52-->src/main/AndroidManifest.xml:38:13-41
53            android:exported="true"
53-->src/main/AndroidManifest.xml:39:13-36
54            android:label="@string/app_name"
54-->src/main/AndroidManifest.xml:40:13-45
55            android:theme="@style/Theme.Booking.NoActionBar" >
55-->src/main/AndroidManifest.xml:41:13-61
56            <meta-data
56-->src/main/AndroidManifest.xml:20:13-22:36
57                android:name="android.app.lib_name"
57-->src/main/AndroidManifest.xml:21:17-52
58                android:value="" />
58-->src/main/AndroidManifest.xml:22:17-33
59        </activity>
60
61        <provider
61-->[androidx.emoji2:emoji2:1.2.0] AndroidManifest.xml:24:9-32:20
62            android:name="androidx.startup.InitializationProvider"
62-->[androidx.emoji2:emoji2:1.2.0] AndroidManifest.xml:25:13-67
63            android:authorities="com.example.booking.androidx-startup"
63-->[androidx.emoji2:emoji2:1.2.0] AndroidManifest.xml:26:13-68
64            android:exported="false" >
64-->[androidx.emoji2:emoji2:1.2.0] AndroidManifest.xml:27:13-37
65            <meta-data
65-->[androidx.emoji2:emoji2:1.2.0] AndroidManifest.xml:29:13-31:52
66                android:name="androidx.emoji2.text.EmojiCompatInitializer"
66-->[androidx.emoji2:emoji2:1.2.0] AndroidManifest.xml:30:17-75
67                android:value="androidx.startup" />
67-->[androidx.emoji2:emoji2:1.2.0] AndroidManifest.xml:31:17-49
68            <meta-data
68-->[androidx.lifecycle:lifecycle-process:2.6.0] AndroidManifest.xml:29:13-31:52
69                android:name="androidx.lifecycle.ProcessLifecycleInitializer"
69-->[androidx.lifecycle:lifecycle-process:2.6.0] AndroidManifest.xml:30:17-78
70                android:value="androidx.startup" />
70-->[androidx.lifecycle:lifecycle-process:2.6.0] AndroidManifest.xml:31:17-49
71            <meta-data
71-->[androidx.profileinstaller:profileinstaller:1.2.1] AndroidManifest.xml:30:13-32:52
72                android:name="androidx.profileinstaller.ProfileInstallerInitializer"
72-->[androidx.profileinstaller:profileinstaller:1.2.1] AndroidManifest.xml:31:17-85
73                android:value="androidx.startup" />
73-->[androidx.profileinstaller:profileinstaller:1.2.1] AndroidManifest.xml:32:17-49
74        </provider>
75
76        <uses-library
76-->[androidx.window:window:1.0.0] AndroidManifest.xml:25:9-27:40
77            android:name="androidx.window.extensions"
77-->[androidx.window:window:1.0.0] AndroidManifest.xml:26:13-54
78            android:required="false" />
78-->[androidx.window:window:1.0.0] AndroidManifest.xml:27:13-37
79        <uses-library
79-->[androidx.window:window:1.0.0] AndroidManifest.xml:28:9-30:40
80            android:name="androidx.window.sidecar"
80-->[androidx.window:window:1.0.0] AndroidManifest.xml:29:13-51
81            android:required="false" />
81-->[androidx.window:window:1.0.0] AndroidManifest.xml:30:13-37
82
83        <receiver
83-->[androidx.profileinstaller:profileinstaller:1.2.1] AndroidManifest.xml:35:9-47:20
84            android:name="androidx.profileinstaller.ProfileInstallReceiver"
84-->[androidx.profileinstaller:profileinstaller:1.2.1] AndroidManifest.xml:36:13-76
85            android:directBootAware="false"
85-->[androidx.profileinstaller:profileinstaller:1.2.1] AndroidManifest.xml:37:13-44
86            android:enabled="true"
86-->[androidx.profileinstaller:profileinstaller:1.2.1] AndroidManifest.xml:38:13-35
87            android:exported="true"
87-->[androidx.profileinstaller:profileinstaller:1.2.1] AndroidManifest.xml:39:13-36
88            android:permission="android.permission.DUMP" >
88-->[androidx.profileinstaller:profileinstaller:1.2.1] AndroidManifest.xml:40:13-57
89            <intent-filter>
89-->[androidx.profileinstaller:profileinstaller:1.2.1] AndroidManifest.xml:41:13-43:29
90                <action android:name="androidx.profileinstaller.action.INSTALL_PROFILE" />
90-->[androidx.profileinstaller:profileinstaller:1.2.1] AndroidManifest.xml:42:17-91
90-->[androidx.profileinstaller:profileinstaller:1.2.1] AndroidManifest.xml:42:25-88
91            </intent-filter>
92            <intent-filter>
92-->[androidx.profileinstaller:profileinstaller:1.2.1] AndroidManifest.xml:44:13-46:29
93                <action android:name="androidx.profileinstaller.action.SKIP_FILE" />
93-->[androidx.profileinstaller:profileinstaller:1.2.1] AndroidManifest.xml:45:17-85
93-->[androidx.profileinstaller:profileinstaller:1.2.1] AndroidManifest.xml:45:25-82
94            </intent-filter>
95        </receiver>
96    </application>
97
98</manifest>